<?xml version="1.0" encoding="UTF-8"?>
<!-- Generated by org.testng.reporters.JUnitXMLReporter -->
<testsuite ignored="0" hostname="DESKTOP-TNO9GQV" failures="2" tests="2" name="Test" time="50.847" errors="0" timestamp="2024-08-29T22:52:20 IST">
  <testcase classname="SSquareIT.Day20Framework2.E2ETest" name="endToEndTest" time="39.064">
    <failure type="java.lang.AssertionError" message="expected [$196.00] but found [$588.00]">
      <![CDATA[java.lang.AssertionError: expected [$196.00] but found [$588.00]
at SSquareIT.Day20Framework2.E2ETest.endToEndTest(E2ETest.java:64)
at java.base/java.util.ArrayList.forEach(ArrayList.java:1596)
... Removed 35 stack frames]]>
    </failure>
  </testcase> <!-- endToEndTest -->
  <testcase classname="SSquareIT.Day20Framework2.E2ETest" name="endToEndTest" time="11.736">
    <failure type="java.lang.AssertionError" message="expected [$196.00] but found [$588.00]">
      <![CDATA[java.lang.AssertionError: expected [$196.00] but found [$588.00]
at SSquareIT.Day20Framework2.E2ETest.endToEndTest(E2ETest.java:64)
at java.base/java.util.ArrayList.forEach(ArrayList.java:1596)
... Removed 35 stack frames]]>
    </failure>
  </testcase> <!-- endToEndTest -->
</testsuite> <!-- Test -->
